# JRE version: OpenJDK Runtime Environment Temurin-17.0.7+7 (17.0.7+7) (build 17.0.7+7)
# Java VM: OpenJDK 64-Bit Server VM Temurin-17.0.7+7 (17.0.7+7, mixed mode, emulated-client, tiered, compressed oops, compressed class ptrs, g1 gc, windows-amd64)
GC Precious Log:
 CPUs: 8 total, 8 available
 Memory: 16103M
 Large Page Support: Disabled
 NUMA Support: Disabled
 Compressed Oops: Enabled (32-bit)
 Heap Region Size: 1M
 Heap Min Capacity: 8M
 Heap Initial Capacity: 252M
 Heap Max Capacity: 1G
 Pre-touch: Disabled
 Parallel Workers: 8
 Concurrent Workers: 2
 Concurrent Refinement Workers: 8
 Periodic GC: Disabled
Heap:
 garbage-first heap   total 65536K, used 18444K [0x00000000c0000000, 0x0000000100000000)
  region size 1024K, 1 young (1024K), 0 survivors (0K)
 Metaspace       used 37141K, committed 37632K, reserved 1114112K
  class space    used 4802K, committed 4992K, reserved 1048576K
GC Heap History (20 events):
Event: 248.126 GC heap before
{Heap before GC invocations=21 (full 13):
 garbage-first heap   total 65536K, used 18430K [0x00000000c0000000, 0x0000000100000000)
  region size 1024K, 1 young (1024K), 0 survivors (0K)
 Metaspace       used 37133K, committed 37632K, reserved 1114112K
  class space    used 4799K, committed 4992K, reserved 1048576K
}
Event: 248.155 GC heap after
{Heap after GC invocations=22 (full 14):
 garbage-first heap   total 65536K, used 18430K [0x00000000c0000000, 0x0000000100000000)
  region size 1024K, 0 young (0K), 0 survivors (0K)
 Metaspace       used 37133K, committed 37632K, reserved 1114112K
  class space    used 4799K, committed 4992K, reserved 1048576K
}
Event: 258.760 GC heap before
{Heap before GC invocations=22 (full 14):
 garbage-first heap   total 65536K, used 18430K [0x00000000c0000000, 0x0000000100000000)
  region size 1024K, 1 young (1024K), 0 survivors (0K)
 Metaspace       used 37133K, committed 37632K, reserved 1114112K
  class space    used 4799K, committed 4992K, reserved 1048576K
}
Event: 258.791 GC heap after
{Heap after GC invocations=23 (full 15):
 garbage-first heap   total 65536K, used 18430K [0x00000000c0000000, 0x0000000100000000)
  region size 1024K, 0 young (0K), 0 survivors (0K)
 Metaspace       used 37133K, committed 37632K, reserved 1114112K
  class space    used 4799K, committed 4992K, reserved 1048576K
}
Event: 269.485 GC heap before
{Heap before GC invocations=23 (full 15):
 garbage-first heap   total 65536K, used 18430K [0x00000000c0000000, 0x0000000100000000)
  region size 1024K, 1 young (1024K), 0 survivors (0K)
 Metaspace       used 37133K, committed 37632K, reserved 1114112K
  class space    used 4799K, committed 4992K, reserved 1048576K
}
Event: 269.514 GC heap after
{Heap after GC invocations=24 (full 16):
 garbage-first heap   total 65536K, used 18430K [0x00000000c0000000, 0x0000000100000000)
  region size 1024K, 0 young (0K), 0 survivors (0K)
 Metaspace       used 37133K, committed 37632K, reserved 1114112K
  class space    used 4799K, committed 4992K, reserved 1048576K
}
Event: 280.009 GC heap before
{Heap before GC invocations=24 (full 16):
 garbage-first heap   total 65536K, used 18430K [0x00000000c0000000, 0x0000000100000000)
  region size 1024K, 1 young (1024K), 0 survivors (0K)
 Metaspace       used 37133K, committed 37632K, reserved 1114112K
  class space    used 4799K, committed 4992K, reserved 1048576K
}
Event: 280.038 GC heap after
{Heap after GC invocations=25 (full 17):
 garbage-first heap   total 65536K, used 18430K [0x00000000c0000000, 0x0000000100000000)
  region size 1024K, 0 young (0K), 0 survivors (0K)
 Metaspace       used 37133K, committed 37632K, reserved 1114112K
  class space    used 4799K, committed 4992K, reserved 1048576K
}
Event: 290.759 GC heap before
{Heap before GC invocations=25 (full 17):
 garbage-first heap   total 65536K, used 18430K [0x00000000c0000000, 0x0000000100000000)
  region size 1024K, 1 young (1024K), 0 survivors (0K)
 Metaspace       used 37133K, committed 37632K, reserved 1114112K
  class space    used 4799K, committed 4992K, reserved 1048576K
}
Event: 290.789 GC heap after
{Heap after GC invocations=26 (full 18):
 garbage-first heap   total 65536K, used 18430K [0x00000000c0000000, 0x0000000100000000)
  region size 1024K, 0 young (0K), 0 survivors (0K)
 Metaspace       used 37133K, committed 37632K, reserved 1114112K
  class space    used 4799K, committed 4992K, reserved 1048576K
}
Event: 301.515 GC heap before
{Heap before GC invocations=26 (full 18):
 garbage-first heap   total 65536K, used 18430K [0x00000000c0000000, 0x0000000100000000)
  region size 1024K, 1 young (1024K), 0 survivors (0K)
 Metaspace       used 37133K, committed 37632K, reserved 1114112K
  class space    used 4799K, committed 4992K, reserved 1048576K
}
Event: 301.539 GC heap after
{Heap after GC invocations=27 (full 19):
 garbage-first heap   total 65536K, used 18430K [0x00000000c0000000, 0x0000000100000000)
  region size 1024K, 0 young (0K), 0 survivors (0K)
 Metaspace       used 37133K, committed 37632K, reserved 1114112K
  class space    used 4799K, committed 4992K, reserved 1048576K
}
Event: 311.994 GC heap before
{Heap before GC invocations=27 (full 19):
 garbage-first heap   total 65536K, used 18430K [0x00000000c0000000, 0x0000000100000000)
  region size 1024K, 1 young (1024K), 0 survivors (0K)
 Metaspace       used 37133K, committed 37632K, reserved 1114112K
  class space    used 4799K, committed 4992K, reserved 1048576K
}
Event: 312.028 GC heap after
{Heap after GC invocations=28 (full 20):
 garbage-first heap   total 65536K, used 18430K [0x00000000c0000000, 0x0000000100000000)
  region size 1024K, 0 young (0K), 0 survivors (0K)
 Metaspace       used 37133K, committed 37632K, reserved 1114112K
  class space    used 4799K, committed 4992K, reserved 1048576K
}
Event: 333.006 GC heap before
{Heap before GC invocations=28 (full 20):
 garbage-first heap   total 65536K, used 18430K [0x00000000c0000000, 0x0000000100000000)
  region size 1024K, 1 young (1024K), 0 survivors (0K)
 Metaspace       used 37141K, committed 37632K, reserved 1114112K
  class space    used 4802K, committed 4992K, reserved 1048576K
}
Event: 333.040 GC heap after
{Heap after GC invocations=29 (full 21):
 garbage-first heap   total 65536K, used 18444K [0x00000000c0000000, 0x0000000100000000)
  region size 1024K, 0 young (0K), 0 survivors (0K)
 Metaspace       used 37141K, committed 37632K, reserved 1114112K
  class space    used 4802K, committed 4992K, reserved 1048576K
}
Event: 343.667 GC heap before
{Heap before GC invocations=29 (full 21):
 garbage-first heap   total 65536K, used 18444K [0x00000000c0000000, 0x0000000100000000)
  region size 1024K, 1 young (1024K), 0 survivors (0K)
 Metaspace       used 37141K, committed 37632K, reserved 1114112K
  class space    used 4802K, committed 4992K, reserved 1048576K
}
Event: 343.691 GC heap after
{Heap after GC invocations=30 (full 22):
 garbage-first heap   total 65536K, used 18444K [0x00000000c0000000, 0x0000000100000000)
  region size 1024K, 0 young (0K), 0 survivors (0K)
 Metaspace       used 37141K, committed 37632K, reserved 1114112K
  class space    used 4802K, committed 4992K, reserved 1048576K
}
Event: 354.883 GC heap before
{Heap before GC invocations=30 (full 22):
 garbage-first heap   total 65536K, used 18444K [0x00000000c0000000, 0x0000000100000000)
  region size 1024K, 1 young (1024K), 0 survivors (0K)
 Metaspace       used 37141K, committed 37632K, reserved 1114112K
  class space    used 4802K, committed 4992K, reserved 1048576K
}
Event: 354.909 GC heap after
{Heap after GC invocations=31 (full 23):
 garbage-first heap   total 65536K, used 18444K [0x00000000c0000000, 0x0000000100000000)
  region size 1024K, 0 young (0K), 0 survivors (0K)
 Metaspace       used 37141K, committed 37632K, reserved 1114112K
  class space    used 4802K, committed 4992K, reserved 1048576K
}

